<?xml version="1.0" encoding="UTF-8"?>
<!-- Generated by org.testng.reporters.JUnitReportReporter -->
<testsuite hostname="c26T" name="functional.FilteringTest" tests="2" failures="0" timestamp="25 Feb 2015 18:49:01 GMT" time="67.957" errors="0">
  <testcase name="visualFilterTest" time="17.380" classname="functional.FilteringTest"/>
  <testcase name="priceFilterTest" time="50.577" classname="functional.FilteringTest"/>
</testsuite> <!-- functional.FilteringTest -->
