<?xml version="1.0" encoding="UTF-8"?>
<!-- Generated by org.testng.reporters.JUnitReportReporter -->
<testsuite hostname="VZhurbenko" name="functional.FilteringTest" tests="1" failures="0" timestamp="4 Mar 2015 14:43:39 GMT" time="0.243" errors="0">
  <testcase name="stateFilterTest" time="0.243" classname="functional.FilteringTest"/>
</testsuite> <!-- functional.FilteringTest -->
